{"contracts\\FreelancerEscrow.sol":{"l":{"255":49,"256":49,"260":34,"273":39,"274":39,"284":39,"285":39,"288":39,"289":39,"299":39,"300":39,"332":30,"333":30,"336":30,"337":30,"340":30,"345":30,"346":30,"354":40,"355":40,"357":30,"358":30,"360":30,"362":30,"369":30,"370":16,"371":16,"372":16,"374":14,"375":14,"376":14,"379":30,"391":41,"392":40,"393":40,"402":73,"403":72,"405":71,"406":71,"413":71,"421":69,"423":69,"424":68,"425":67,"426":66,"428":65,"429":65,"439":65,"440":65,"448":52,"449":52,"451":52,"452":51,"453":50,"455":49,"456":49,"457":49,"459":49,"479":36,"480":36,"483":36,"484":35,"487":34,"488":34,"489":34,"492":34,"493":34,"494":34,"496":34,"499":34,"514":13,"515":13,"517":13,"518":1,"520":12,"522":12,"523":6,"524":1,"526":6,"527":1,"531":10,"532":10,"535":10,"536":10,"538":10,"541":10,"558":7,"559":7,"562":7,"563":6,"566":5,"567":5,"568":5,"571":5,"572":5,"573":5,"575":5,"578":5,"593":5,"594":5,"596":5,"597":4,"599":2,"601":2,"615":38,"617":38,"618":37,"619":36,"620":34,"622":33,"623":33,"624":33,"626":33,"629":33,"630":33,"632":33,"633":14,"634":14,"650":7,"651":7,"653":7,"655":6,"656":6,"667":17,"668":17,"669":14,"684":4,"685":4,"686":3,"698":5,"702":8,"709":35},"path":"C:\\Users\\devanshi mahto\\OneDrive\\Desktop\\CS218-Decentralised-Freelance-Platform\\contracts\\FreelancerEscrow.sol","s":{"1":49,"2":49,"3":34,"4":39,"5":39,"6":30,"7":30,"8":30,"9":30,"10":30,"11":30,"12":30,"13":40,"14":40,"15":10,"16":30,"17":30,"18":30,"19":30,"20":30,"21":41,"22":40,"23":73,"24":72,"25":71,"26":71,"27":69,"28":69,"29":68,"30":67,"31":66,"32":65,"33":65,"34":52,"35":52,"36":52,"37":51,"38":50,"39":49,"40":36,"41":36,"42":36,"43":35,"44":34,"45":34,"46":34,"47":34,"48":34,"49":34,"50":13,"51":13,"52":13,"53":12,"54":12,"55":6,"56":6,"57":10,"58":10,"59":10,"60":10,"61":7,"62":7,"63":7,"64":6,"65":5,"66":5,"67":5,"68":5,"69":5,"70":5,"71":5,"72":5,"73":5,"74":4,"75":2,"76":38,"77":38,"78":37,"79":36,"80":34,"81":33,"82":33,"83":33,"84":33,"85":14,"86":14,"87":7,"88":7,"89":7,"90":6,"91":6,"92":17,"93":17,"94":3,"95":14,"96":4,"97":4,"98":1,"99":3,"100":5,"101":8,"102":35},"b":{"1":[0,49],"2":[1,33],"3":[30,0],"4":[30,0],"5":[30,0],"6":[28,2],"7":[10,30],"8":[7,3],"9":[16,14],"10":[1,40],"11":[1,72],"12":[1,71],"13":[69,0],"14":[1,68],"15":[1,67],"16":[1,66],"17":[1,65],"18":[1,51],"19":[1,50],"20":[1,49],"21":[36,0],"22":[1,35],"23":[1,34],"24":[13,0],"25":[1,12],"26":[6,6],"27":[1,5],"28":[1,5],"29":[7,0],"30":[1,6],"31":[1,5],"32":[1,4],"33":[2,2],"34":[1,37],"35":[1,36],"36":[2,34],"37":[1,1],"38":[19,14],"39":[14,19],"40":[1,6],"41":[3,14],"42":[1,3]},"f":{"1":49,"2":34,"3":39,"4":30,"5":40,"6":41,"7":73,"8":69,"9":52,"10":36,"11":13,"12":7,"13":5,"14":38,"15":7,"16":17,"17":4,"18":5,"19":8,"20":35},"fnMap":{"1":{"name":"_safeTransfer","line":252,"loc":{"start":{"line":252,"column":4},"end":{"line":257,"column":4}}},"2":{"name":"_requireStake","line":259,"loc":{"start":{"line":259,"column":4},"end":{"line":261,"column":4}}},"3":{"name":"_issueFeedbackTokens","line":267,"loc":{"start":{"line":267,"column":4},"end":{"line":301,"column":4}}},"4":{"name":"_calculateWeight","line":325,"loc":{"start":{"line":325,"column":4},"end":{"line":347,"column":4}}},"5":{"name":"_applyTokenScore","line":353,"loc":{"start":{"line":353,"column":4},"end":{"line":380,"column":4}}},"6":{"name":"depositStake","line":390,"loc":{"start":{"line":390,"column":4},"end":{"line":394,"column":4}}},"7":{"name":"offerService","line":401,"loc":{"start":{"line":401,"column":4},"end":{"line":414,"column":4}}},"8":{"name":"hireFreelancer","line":420,"loc":{"start":{"line":420,"column":4},"end":{"line":441,"column":4}}},"9":{"name":"submitWork","line":447,"loc":{"start":{"line":447,"column":4},"end":{"line":460,"column":4}}},"10":{"name":"confirmCompletion","line":478,"loc":{"start":{"line":478,"column":4},"end":{"line":500,"column":4}}},"11":{"name":"cancelJob","line":513,"loc":{"start":{"line":513,"column":4},"end":{"line":542,"column":4}}},"12":{"name":"autoRelease","line":557,"loc":{"start":{"line":557,"column":4},"end":{"line":579,"column":4}}},"13":{"name":"clearWork","line":592,"loc":{"start":{"line":592,"column":4},"end":{"line":602,"column":4}}},"14":{"name":"submitFeedback","line":614,"loc":{"start":{"line":614,"column":4},"end":{"line":636,"column":4}}},"15":{"name":"finalizeReview","line":649,"loc":{"start":{"line":649,"column":4},"end":{"line":657,"column":4}}},"16":{"name":"getFreelancerReputation","line":663,"loc":{"start":{"line":663,"column":4},"end":{"line":674,"column":4}}},"17":{"name":"getClientReputation","line":680,"loc":{"start":{"line":680,"column":4},"end":{"line":691,"column":4}}},"18":{"name":"getService","line":697,"loc":{"start":{"line":697,"column":4},"end":{"line":699,"column":4}}},"19":{"name":"getJob","line":701,"loc":{"start":{"line":701,"column":4},"end":{"line":703,"column":4}}},"20":{"name":"getJobTokens","line":705,"loc":{"start":{"line":705,"column":4},"end":{"line":710,"column":4}}}},"statementMap":{"1":{"start":{"line":255,"column":8},"end":{"line":255,"column":55}},"2":{"start":{"line":256,"column":8},"end":{"line":256,"column":40}},"3":{"start":{"line":260,"column":8},"end":{"line":260,"column":64}},"4":{"start":{"line":285,"column":8},"end":{"line":285,"column":72}},"5":{"start":{"line":300,"column":8},"end":{"line":300,"column":72}},"6":{"start":{"line":332,"column":8},"end":{"line":332,"column":85}},"7":{"start":{"line":333,"column":8},"end":{"line":333,"column":69}},"8":{"start":{"line":336,"column":8},"end":{"line":336,"column":51}},"9":{"start":{"line":337,"column":8},"end":{"line":337,"column":13868}},"10":{"start":{"line":340,"column":8},"end":{"line":340,"column":70}},"11":{"start":{"line":345,"column":8},"end":{"line":345,"column":61}},"12":{"start":{"line":346,"column":8},"end":{"line":346,"column":61}},"13":{"start":{"line":354,"column":8},"end":{"line":354,"column":49}},"14":{"start":{"line":355,"column":8},"end":{"line":355,"column":40}},"15":{"start":{"line":355,"column":34},"end":{"line":355,"column":40}},"16":{"start":{"line":357,"column":8},"end":{"line":357,"column":41}},"17":{"start":{"line":358,"column":8},"end":{"line":358,"column":49}},"18":{"start":{"line":362,"column":8},"end":{"line":362,"column":14865}},"19":{"start":{"line":369,"column":8},"end":{"line":369,"column":15031}},"20":{"start":{"line":379,"column":8},"end":{"line":379,"column":69}},"21":{"start":{"line":391,"column":8},"end":{"line":391,"column":61}},"22":{"start":{"line":393,"column":8},"end":{"line":393,"column":50}},"23":{"start":{"line":402,"column":8},"end":{"line":402,"column":67}},"24":{"start":{"line":403,"column":8},"end":{"line":403,"column":67}},"25":{"start":{"line":405,"column":8},"end":{"line":405,"column":34}},"26":{"start":{"line":413,"column":8},"end":{"line":413,"column":43}},"27":{"start":{"line":421,"column":8},"end":{"line":421,"column":47}},"28":{"start":{"line":423,"column":8},"end":{"line":423,"column":69}},"29":{"start":{"line":424,"column":8},"end":{"line":424,"column":74}},"30":{"start":{"line":425,"column":8},"end":{"line":425,"column":67}},"31":{"start":{"line":426,"column":8},"end":{"line":426,"column":73}},"32":{"start":{"line":428,"column":8},"end":{"line":428,"column":30}},"33":{"start":{"line":440,"column":8},"end":{"line":440,"column":27}},"34":{"start":{"line":448,"column":8},"end":{"line":448,"column":39}},"35":{"start":{"line":449,"column":8},"end":{"line":449,"column":49}},"36":{"start":{"line":451,"column":8},"end":{"line":451,"column":65}},"37":{"start":{"line":452,"column":8},"end":{"line":452,"column":66}},"38":{"start":{"line":453,"column":8},"end":{"line":453,"column":66}},"39":{"start":{"line":459,"column":8},"end":{"line":459,"column":42}},"40":{"start":{"line":479,"column":8},"end":{"line":479,"column":39}},"41":{"start":{"line":480,"column":8},"end":{"line":480,"column":49}},"42":{"start":{"line":483,"column":8},"end":{"line":483,"column":64}},"43":{"start":{"line":484,"column":8},"end":{"line":484,"column":70}},"44":{"start":{"line":487,"column":8},"end":{"line":487,"column":53}},"45":{"start":{"line":488,"column":8},"end":{"line":488,"column":49}},"46":{"start":{"line":489,"column":8},"end":{"line":489,"column":49}},"47":{"start":{"line":494,"column":8},"end":{"line":494,"column":62}},"48":{"start":{"line":496,"column":8},"end":{"line":496,"column":32}},"49":{"start":{"line":499,"column":8},"end":{"line":499,"column":47}},"50":{"start":{"line":514,"column":8},"end":{"line":514,"column":39}},"51":{"start":{"line":515,"column":8},"end":{"line":515,"column":49}},"52":{"start":{"line":517,"column":8},"end":{"line":517,"column":20993}},"53":{"start":{"line":520,"column":8},"end":{"line":520,"column":53}},"54":{"start":{"line":522,"column":8},"end":{"line":522,"column":21142}},"55":{"start":{"line":523,"column":12},"end":{"line":523,"column":21242}},"56":{"start":{"line":526,"column":12},"end":{"line":526,"column":21353}},"57":{"start":{"line":531,"column":8},"end":{"line":531,"column":45}},"58":{"start":{"line":532,"column":8},"end":{"line":532,"column":45}},"59":{"start":{"line":538,"column":8},"end":{"line":538,"column":32}},"60":{"start":{"line":541,"column":8},"end":{"line":541,"column":43}},"61":{"start":{"line":558,"column":8},"end":{"line":558,"column":39}},"62":{"start":{"line":559,"column":8},"end":{"line":559,"column":49}},"63":{"start":{"line":562,"column":8},"end":{"line":562,"column":76}},"64":{"start":{"line":563,"column":8},"end":{"line":563,"column":86}},"65":{"start":{"line":566,"column":8},"end":{"line":566,"column":53}},"66":{"start":{"line":567,"column":8},"end":{"line":567,"column":49}},"67":{"start":{"line":568,"column":8},"end":{"line":568,"column":49}},"68":{"start":{"line":573,"column":8},"end":{"line":573,"column":62}},"69":{"start":{"line":575,"column":8},"end":{"line":575,"column":32}},"70":{"start":{"line":578,"column":8},"end":{"line":578,"column":47}},"71":{"start":{"line":593,"column":8},"end":{"line":593,"column":39}},"72":{"start":{"line":594,"column":8},"end":{"line":594,"column":49}},"73":{"start":{"line":596,"column":8},"end":{"line":596,"column":68}},"74":{"start":{"line":597,"column":8},"end":{"line":597,"column":69}},"75":{"start":{"line":601,"column":8},"end":{"line":601,"column":31}},"76":{"start":{"line":615,"column":8},"end":{"line":615,"column":49}},"77":{"start":{"line":617,"column":8},"end":{"line":617,"column":58}},"78":{"start":{"line":618,"column":8},"end":{"line":618,"column":56}},"79":{"start":{"line":619,"column":8},"end":{"line":619,"column":59}},"80":{"start":{"line":620,"column":8},"end":{"line":620,"column":32}},"81":{"start":{"line":626,"column":8},"end":{"line":626,"column":51}},"82":{"start":{"line":629,"column":8},"end":{"line":629,"column":50}},"83":{"start":{"line":630,"column":8},"end":{"line":630,"column":60}},"84":{"start":{"line":632,"column":8},"end":{"line":632,"column":25376}},"85":{"start":{"line":633,"column":12},"end":{"line":633,"column":36}},"86":{"start":{"line":634,"column":12},"end":{"line":634,"column":36}},"87":{"start":{"line":650,"column":8},"end":{"line":650,"column":48}},"88":{"start":{"line":651,"column":8},"end":{"line":651,"column":48}},"89":{"start":{"line":653,"column":8},"end":{"line":653,"column":71}},"90":{"start":{"line":655,"column":8},"end":{"line":655,"column":30}},"91":{"start":{"line":656,"column":8},"end":{"line":656,"column":30}},"92":{"start":{"line":667,"column":8},"end":{"line":667,"column":57}},"93":{"start":{"line":668,"column":8},"end":{"line":668,"column":48}},"94":{"start":{"line":668,"column":32},"end":{"line":668,"column":48}},"95":{"start":{"line":669,"column":8},"end":{"line":669,"column":26701}},"96":{"start":{"line":684,"column":8},"end":{"line":684,"column":49}},"97":{"start":{"line":685,"column":8},"end":{"line":685,"column":48}},"98":{"start":{"line":685,"column":32},"end":{"line":685,"column":48}},"99":{"start":{"line":686,"column":8},"end":{"line":686,"column":27267}},"100":{"start":{"line":698,"column":8},"end":{"line":698,"column":27}},"101":{"start":{"line":702,"column":8},"end":{"line":702,"column":23}},"102":{"start":{"line":709,"column":8},"end":{"line":709,"column":57}}},"branchMap":{"1":{"line":256,"type":"if","locations":[{"start":{"line":256,"column":8},"end":{"line":256,"column":8}},{"start":{"line":256,"column":8},"end":{"line":256,"column":8}}]},"2":{"line":260,"type":"if","locations":[{"start":{"line":260,"column":8},"end":{"line":260,"column":8}},{"start":{"line":260,"column":8},"end":{"line":260,"column":8}}]},"3":{"line":333,"type":"if","locations":[{"start":{"line":333,"column":49},"end":{"line":333,"column":64}},{"start":{"line":333,"column":68},"end":{"line":333,"column":68}}]},"4":{"line":338,"type":"if","locations":[{"start":{"line":338,"column":14},"end":{"line":338,"column":54}},{"start":{"line":339,"column":14},"end":{"line":339,"column":14}}]},"5":{"line":340,"type":"if","locations":[{"start":{"line":340,"column":50},"end":{"line":340,"column":65}},{"start":{"line":340,"column":69},"end":{"line":340,"column":69}}]},"6":{"line":345,"type":"if","locations":[{"start":{"line":345,"column":48},"end":{"line":345,"column":53}},{"start":{"line":345,"column":57},"end":{"line":345,"column":60}}]},"7":{"line":355,"type":"if","locations":[{"start":{"line":355,"column":8},"end":{"line":355,"column":8}},{"start":{"line":355,"column":8},"end":{"line":355,"column":8}}]},"8":{"line":355,"type":"cond-expr","locations":[{"start":{"line":355,"column":12},"end":{"line":355,"column":18}},{"start":{"line":355,"column":23},"end":{"line":355,"column":31}}]},"9":{"line":369,"type":"if","locations":[{"start":{"line":369,"column":8},"end":{"line":369,"column":8}},{"start":{"line":369,"column":8},"end":{"line":369,"column":8}}]},"10":{"line":391,"type":"if","locations":[{"start":{"line":391,"column":8},"end":{"line":391,"column":8}},{"start":{"line":391,"column":8},"end":{"line":391,"column":8}}]},"11":{"line":402,"type":"if","locations":[{"start":{"line":402,"column":8},"end":{"line":402,"column":8}},{"start":{"line":402,"column":8},"end":{"line":402,"column":8}}]},"12":{"line":403,"type":"if","locations":[{"start":{"line":403,"column":8},"end":{"line":403,"column":8}},{"start":{"line":403,"column":8},"end":{"line":403,"column":8}}]},"13":{"line":420,"type":"if","locations":[{"start":{"line":420,"column":63},"end":{"line":420,"column":63}},{"start":{"line":420,"column":63},"end":{"line":420,"column":63}}]},"14":{"line":423,"type":"if","locations":[{"start":{"line":423,"column":8},"end":{"line":423,"column":8}},{"start":{"line":423,"column":8},"end":{"line":423,"column":8}}]},"15":{"line":424,"type":"if","locations":[{"start":{"line":424,"column":8},"end":{"line":424,"column":8}},{"start":{"line":424,"column":8},"end":{"line":424,"column":8}}]},"16":{"line":425,"type":"if","locations":[{"start":{"line":425,"column":8},"end":{"line":425,"column":8}},{"start":{"line":425,"column":8},"end":{"line":425,"column":8}}]},"17":{"line":426,"type":"if","locations":[{"start":{"line":426,"column":8},"end":{"line":426,"column":8}},{"start":{"line":426,"column":8},"end":{"line":426,"column":8}}]},"18":{"line":451,"type":"if","locations":[{"start":{"line":451,"column":8},"end":{"line":451,"column":8}},{"start":{"line":451,"column":8},"end":{"line":451,"column":8}}]},"19":{"line":452,"type":"if","locations":[{"start":{"line":452,"column":8},"end":{"line":452,"column":8}},{"start":{"line":452,"column":8},"end":{"line":452,"column":8}}]},"20":{"line":453,"type":"if","locations":[{"start":{"line":453,"column":8},"end":{"line":453,"column":8}},{"start":{"line":453,"column":8},"end":{"line":453,"column":8}}]},"21":{"line":478,"type":"if","locations":[{"start":{"line":478,"column":54},"end":{"line":478,"column":54}},{"start":{"line":478,"column":54},"end":{"line":478,"column":54}}]},"22":{"line":483,"type":"if","locations":[{"start":{"line":483,"column":8},"end":{"line":483,"column":8}},{"start":{"line":483,"column":8},"end":{"line":483,"column":8}}]},"23":{"line":484,"type":"if","locations":[{"start":{"line":484,"column":8},"end":{"line":484,"column":8}},{"start":{"line":484,"column":8},"end":{"line":484,"column":8}}]},"24":{"line":513,"type":"if","locations":[{"start":{"line":513,"column":46},"end":{"line":513,"column":46}},{"start":{"line":513,"column":46},"end":{"line":513,"column":46}}]},"25":{"line":517,"type":"if","locations":[{"start":{"line":517,"column":8},"end":{"line":517,"column":8}},{"start":{"line":517,"column":8},"end":{"line":517,"column":8}}]},"26":{"line":522,"type":"if","locations":[{"start":{"line":522,"column":8},"end":{"line":522,"column":8}},{"start":{"line":522,"column":8},"end":{"line":522,"column":8}}]},"27":{"line":523,"type":"if","locations":[{"start":{"line":523,"column":12},"end":{"line":523,"column":12}},{"start":{"line":523,"column":12},"end":{"line":523,"column":12}}]},"28":{"line":526,"type":"if","locations":[{"start":{"line":526,"column":12},"end":{"line":526,"column":12}},{"start":{"line":526,"column":12},"end":{"line":526,"column":12}}]},"29":{"line":557,"type":"if","locations":[{"start":{"line":557,"column":48},"end":{"line":557,"column":48}},{"start":{"line":557,"column":48},"end":{"line":557,"column":48}}]},"30":{"line":562,"type":"if","locations":[{"start":{"line":562,"column":8},"end":{"line":562,"column":8}},{"start":{"line":562,"column":8},"end":{"line":562,"column":8}}]},"31":{"line":563,"type":"if","locations":[{"start":{"line":563,"column":8},"end":{"line":563,"column":8}},{"start":{"line":563,"column":8},"end":{"line":563,"column":8}}]},"32":{"line":596,"type":"if","locations":[{"start":{"line":596,"column":8},"end":{"line":596,"column":8}},{"start":{"line":596,"column":8},"end":{"line":596,"column":8}}]},"33":{"line":597,"type":"if","locations":[{"start":{"line":597,"column":8},"end":{"line":597,"column":8}},{"start":{"line":597,"column":8},"end":{"line":597,"column":8}}]},"34":{"line":617,"type":"if","locations":[{"start":{"line":617,"column":8},"end":{"line":617,"column":8}},{"start":{"line":617,"column":8},"end":{"line":617,"column":8}}]},"35":{"line":618,"type":"if","locations":[{"start":{"line":618,"column":8},"end":{"line":618,"column":8}},{"start":{"line":618,"column":8},"end":{"line":618,"column":8}}]},"36":{"line":619,"type":"if","locations":[{"start":{"line":619,"column":8},"end":{"line":619,"column":8}},{"start":{"line":619,"column":8},"end":{"line":619,"column":8}}]},"37":{"line":619,"type":"cond-expr","locations":[{"start":{"line":619,"column":12},"end":{"line":619,"column":20}},{"start":{"line":619,"column":25},"end":{"line":619,"column":33}}]},"38":{"line":630,"type":"if","locations":[{"start":{"line":630,"column":47},"end":{"line":630,"column":51}},{"start":{"line":630,"column":55},"end":{"line":630,"column":59}}]},"39":{"line":632,"type":"if","locations":[{"start":{"line":632,"column":8},"end":{"line":632,"column":8}},{"start":{"line":632,"column":8},"end":{"line":632,"column":8}}]},"40":{"line":653,"type":"if","locations":[{"start":{"line":653,"column":8},"end":{"line":653,"column":8}},{"start":{"line":653,"column":8},"end":{"line":653,"column":8}}]},"41":{"line":668,"type":"if","locations":[{"start":{"line":668,"column":8},"end":{"line":668,"column":8}},{"start":{"line":668,"column":8},"end":{"line":668,"column":8}}]},"42":{"line":685,"type":"if","locations":[{"start":{"line":685,"column":8},"end":{"line":685,"column":8}},{"start":{"line":685,"column":8},"end":{"line":685,"column":8}}]}}}}