{"contracts\\FreelancerEscrow.sol":{"l":{"228":39,"229":39,"233":28,"242":30,"243":30,"253":30,"254":30,"257":30,"258":30,"268":30,"269":30,"284":24,"285":24,"288":24,"289":24,"292":24,"294":24,"295":24,"297":24,"305":34,"306":34,"308":24,"309":24,"311":24,"313":24,"320":24,"321":13,"322":13,"323":13,"325":11,"326":11,"327":11,"330":24,"344":35,"345":34,"346":34,"359":63,"360":62,"362":61,"363":61,"370":61,"378":59,"380":59,"381":58,"382":57,"383":56,"385":55,"386":55,"396":55,"397":55,"409":43,"410":43,"412":43,"413":42,"414":41,"416":40,"417":40,"418":40,"420":40,"432":30,"433":30,"435":30,"436":29,"438":28,"439":28,"441":28,"444":28,"446":28,"459":12,"460":12,"462":12,"463":1,"465":11,"467":11,"470":6,"471":1,"474":5,"475":1,"478":9,"479":9,"481":9,"483":9,"500":4,"501":4,"503":4,"504":3,"506":2,"507":2,"509":2,"512":2,"514":2,"529":5,"530":5,"532":5,"533":4,"535":2,"537":2,"549":32,"551":32,"552":31,"553":30,"554":28,"556":27,"557":27,"558":27,"560":27,"563":27,"564":27,"566":27,"567":11,"568":11,"578":7,"579":7,"581":7,"583":6,"584":6,"598":14,"599":14,"600":11,"621":4,"622":4,"623":3,"635":4,"639":7,"646":30},"path":"C:\\Users\\devanshi mahto\\escrow-freelancer\\contracts\\FreelancerEscrow.sol","s":{"1":39,"2":39,"3":28,"4":30,"5":30,"6":24,"7":24,"8":24,"9":24,"10":24,"11":24,"12":24,"13":24,"14":34,"15":34,"16":10,"17":24,"18":24,"19":24,"20":24,"21":24,"22":35,"23":34,"24":63,"25":62,"26":61,"27":61,"28":59,"29":59,"30":58,"31":57,"32":56,"33":55,"34":55,"35":43,"36":43,"37":43,"38":42,"39":41,"40":40,"41":30,"42":30,"43":30,"44":29,"45":28,"46":28,"47":28,"48":12,"49":12,"50":12,"51":11,"52":11,"53":6,"54":5,"55":9,"56":9,"57":4,"58":4,"59":4,"60":3,"61":2,"62":2,"63":2,"64":5,"65":5,"66":5,"67":4,"68":2,"69":32,"70":32,"71":31,"72":30,"73":28,"74":27,"75":27,"76":27,"77":27,"78":11,"79":11,"80":7,"81":7,"82":7,"83":6,"84":6,"85":14,"86":14,"87":3,"88":11,"89":4,"90":4,"91":1,"92":3,"93":4,"94":7,"95":30},"b":{"1":[0,39],"2":[1,27],"3":[24,0],"4":[24,0],"5":[24,0],"6":[2,22],"7":[10,24],"8":[7,3],"9":[13,11],"10":[1,34],"11":[1,62],"12":[1,61],"13":[59,0],"14":[1,58],"15":[1,57],"16":[1,56],"17":[1,55],"18":[1,42],"19":[1,41],"20":[1,40],"21":[30,0],"22":[1,29],"23":[1,28],"24":[12,0],"25":[1,11],"26":[6,5],"27":[1,5],"28":[1,4],"29":[4,0],"30":[1,3],"31":[1,2],"32":[1,4],"33":[2,2],"34":[1,31],"35":[1,30],"36":[2,28],"37":[1,1],"38":[16,11],"39":[11,16],"40":[1,6],"41":[3,11],"42":[1,3]},"f":{"1":39,"2":28,"3":30,"4":24,"5":34,"6":35,"7":63,"8":59,"9":43,"10":30,"11":12,"12":4,"13":5,"14":32,"15":7,"16":14,"17":4,"18":4,"19":7,"20":30},"fnMap":{"1":{"name":"_safeTransfer","line":227,"loc":{"start":{"line":227,"column":4},"end":{"line":230,"column":4}}},"2":{"name":"_requireStake","line":232,"loc":{"start":{"line":232,"column":4},"end":{"line":234,"column":4}}},"3":{"name":"_issueFeedbackTokens","line":240,"loc":{"start":{"line":240,"column":4},"end":{"line":270,"column":4}}},"4":{"name":"_calculateWeight","line":277,"loc":{"start":{"line":277,"column":4},"end":{"line":298,"column":0}}},"5":{"name":"_applyTokenScore","line":304,"loc":{"start":{"line":304,"column":0},"end":{"line":331,"column":0}}},"6":{"name":"depositStake","line":343,"loc":{"start":{"line":343,"column":4},"end":{"line":347,"column":4}}},"7":{"name":"offerService","line":358,"loc":{"start":{"line":358,"column":4},"end":{"line":371,"column":4}}},"8":{"name":"hireFreelancer","line":377,"loc":{"start":{"line":377,"column":4},"end":{"line":398,"column":4}}},"9":{"name":"submitWork","line":408,"loc":{"start":{"line":408,"column":4},"end":{"line":421,"column":4}}},"10":{"name":"confirmCompletion","line":431,"loc":{"start":{"line":431,"column":4},"end":{"line":447,"column":4}}},"11":{"name":"cancelJob","line":458,"loc":{"start":{"line":458,"column":4},"end":{"line":485,"column":4}}},"12":{"name":"autoRelease","line":499,"loc":{"start":{"line":499,"column":4},"end":{"line":515,"column":4}}},"13":{"name":"clearWork","line":528,"loc":{"start":{"line":528,"column":4},"end":{"line":538,"column":4}}},"14":{"name":"submitFeedback","line":548,"loc":{"start":{"line":548,"column":0},"end":{"line":570,"column":0}}},"15":{"name":"finalizeReview","line":577,"loc":{"start":{"line":577,"column":0},"end":{"line":585,"column":0}}},"16":{"name":"getFreelancerReputation","line":594,"loc":{"start":{"line":594,"column":4},"end":{"line":605,"column":0}}},"17":{"name":"getClientReputation","line":617,"loc":{"start":{"line":617,"column":4},"end":{"line":628,"column":0}}},"18":{"name":"getService","line":634,"loc":{"start":{"line":634,"column":4},"end":{"line":636,"column":4}}},"19":{"name":"getJob","line":638,"loc":{"start":{"line":638,"column":4},"end":{"line":640,"column":4}}},"20":{"name":"getJobTokens","line":642,"loc":{"start":{"line":642,"column":4},"end":{"line":647,"column":4}}}},"statementMap":{"1":{"start":{"line":228,"column":8},"end":{"line":228,"column":55}},"2":{"start":{"line":229,"column":8},"end":{"line":229,"column":40}},"3":{"start":{"line":233,"column":8},"end":{"line":233,"column":64}},"4":{"start":{"line":254,"column":8},"end":{"line":254,"column":66}},"5":{"start":{"line":269,"column":8},"end":{"line":269,"column":66}},"6":{"start":{"line":284,"column":4},"end":{"line":284,"column":85}},"7":{"start":{"line":285,"column":4},"end":{"line":285,"column":66}},"8":{"start":{"line":288,"column":4},"end":{"line":288,"column":48}},"9":{"start":{"line":289,"column":4},"end":{"line":289,"column":11151}},"10":{"start":{"line":292,"column":4},"end":{"line":292,"column":66}},"11":{"start":{"line":294,"column":4},"end":{"line":294,"column":41}},"12":{"start":{"line":295,"column":4},"end":{"line":295,"column":43}},"13":{"start":{"line":297,"column":4},"end":{"line":297,"column":50}},"14":{"start":{"line":305,"column":4},"end":{"line":305,"column":46}},"15":{"start":{"line":306,"column":4},"end":{"line":306,"column":36}},"16":{"start":{"line":306,"column":30},"end":{"line":306,"column":36}},"17":{"start":{"line":308,"column":4},"end":{"line":308,"column":37}},"18":{"start":{"line":309,"column":4},"end":{"line":309,"column":45}},"19":{"start":{"line":313,"column":4},"end":{"line":313,"column":11899}},"20":{"start":{"line":320,"column":4},"end":{"line":320,"column":12041}},"21":{"start":{"line":330,"column":4},"end":{"line":330,"column":65}},"22":{"start":{"line":344,"column":8},"end":{"line":344,"column":61}},"23":{"start":{"line":346,"column":8},"end":{"line":346,"column":50}},"24":{"start":{"line":359,"column":8},"end":{"line":359,"column":68}},"25":{"start":{"line":360,"column":8},"end":{"line":360,"column":68}},"26":{"start":{"line":362,"column":8},"end":{"line":362,"column":34}},"27":{"start":{"line":370,"column":8},"end":{"line":370,"column":44}},"28":{"start":{"line":378,"column":8},"end":{"line":378,"column":48}},"29":{"start":{"line":380,"column":8},"end":{"line":380,"column":69}},"30":{"start":{"line":381,"column":8},"end":{"line":381,"column":74}},"31":{"start":{"line":382,"column":8},"end":{"line":382,"column":67}},"32":{"start":{"line":383,"column":8},"end":{"line":383,"column":73}},"33":{"start":{"line":385,"column":8},"end":{"line":385,"column":30}},"34":{"start":{"line":397,"column":8},"end":{"line":397,"column":27}},"35":{"start":{"line":409,"column":8},"end":{"line":409,"column":40}},"36":{"start":{"line":410,"column":8},"end":{"line":410,"column":49}},"37":{"start":{"line":412,"column":8},"end":{"line":412,"column":65}},"38":{"start":{"line":413,"column":8},"end":{"line":413,"column":66}},"39":{"start":{"line":414,"column":8},"end":{"line":414,"column":67}},"40":{"start":{"line":420,"column":8},"end":{"line":420,"column":44}},"41":{"start":{"line":432,"column":8},"end":{"line":432,"column":40}},"42":{"start":{"line":433,"column":8},"end":{"line":433,"column":49}},"43":{"start":{"line":435,"column":8},"end":{"line":435,"column":64}},"44":{"start":{"line":436,"column":8},"end":{"line":436,"column":70}},"45":{"start":{"line":441,"column":8},"end":{"line":441,"column":44}},"46":{"start":{"line":444,"column":8},"end":{"line":444,"column":59}},"47":{"start":{"line":446,"column":8},"end":{"line":446,"column":33}},"48":{"start":{"line":459,"column":8},"end":{"line":459,"column":40}},"49":{"start":{"line":460,"column":8},"end":{"line":460,"column":49}},"50":{"start":{"line":462,"column":8},"end":{"line":462,"column":17397}},"51":{"start":{"line":465,"column":8},"end":{"line":465,"column":53}},"52":{"start":{"line":467,"column":8},"end":{"line":467,"column":17546}},"53":{"start":{"line":470,"column":12},"end":{"line":470,"column":17819}},"54":{"start":{"line":474,"column":12},"end":{"line":474,"column":18004}},"55":{"start":{"line":481,"column":8},"end":{"line":481,"column":40}},"56":{"start":{"line":483,"column":8},"end":{"line":483,"column":33}},"57":{"start":{"line":500,"column":8},"end":{"line":500,"column":40}},"58":{"start":{"line":501,"column":8},"end":{"line":501,"column":49}},"59":{"start":{"line":503,"column":8},"end":{"line":503,"column":76}},"60":{"start":{"line":504,"column":8},"end":{"line":504,"column":86}},"61":{"start":{"line":509,"column":8},"end":{"line":509,"column":44}},"62":{"start":{"line":512,"column":8},"end":{"line":512,"column":59}},"63":{"start":{"line":514,"column":8},"end":{"line":514,"column":33}},"64":{"start":{"line":529,"column":8},"end":{"line":529,"column":40}},"65":{"start":{"line":530,"column":8},"end":{"line":530,"column":49}},"66":{"start":{"line":532,"column":8},"end":{"line":532,"column":68}},"67":{"start":{"line":533,"column":8},"end":{"line":533,"column":69}},"68":{"start":{"line":537,"column":8},"end":{"line":537,"column":32}},"69":{"start":{"line":549,"column":4},"end":{"line":549,"column":46}},"70":{"start":{"line":551,"column":4},"end":{"line":551,"column":54}},"71":{"start":{"line":552,"column":4},"end":{"line":552,"column":52}},"72":{"start":{"line":553,"column":4},"end":{"line":553,"column":55}},"73":{"start":{"line":554,"column":4},"end":{"line":554,"column":28}},"74":{"start":{"line":560,"column":4},"end":{"line":560,"column":47}},"75":{"start":{"line":563,"column":4},"end":{"line":563,"column":46}},"76":{"start":{"line":564,"column":4},"end":{"line":564,"column":57}},"77":{"start":{"line":566,"column":4},"end":{"line":566,"column":21487}},"78":{"start":{"line":567,"column":8},"end":{"line":567,"column":33}},"79":{"start":{"line":568,"column":8},"end":{"line":568,"column":32}},"80":{"start":{"line":578,"column":4},"end":{"line":578,"column":45}},"81":{"start":{"line":579,"column":4},"end":{"line":579,"column":44}},"82":{"start":{"line":581,"column":4},"end":{"line":581,"column":67}},"83":{"start":{"line":583,"column":4},"end":{"line":583,"column":26}},"84":{"start":{"line":584,"column":4},"end":{"line":584,"column":26}},"85":{"start":{"line":598,"column":4},"end":{"line":598,"column":54}},"86":{"start":{"line":599,"column":4},"end":{"line":599,"column":44}},"87":{"start":{"line":599,"column":28},"end":{"line":599,"column":44}},"88":{"start":{"line":600,"column":4},"end":{"line":600,"column":22731}},"89":{"start":{"line":621,"column":4},"end":{"line":621,"column":46}},"90":{"start":{"line":622,"column":4},"end":{"line":622,"column":44}},"91":{"start":{"line":622,"column":28},"end":{"line":622,"column":44}},"92":{"start":{"line":623,"column":4},"end":{"line":623,"column":23389}},"93":{"start":{"line":635,"column":8},"end":{"line":635,"column":28}},"94":{"start":{"line":639,"column":8},"end":{"line":639,"column":24}},"95":{"start":{"line":646,"column":8},"end":{"line":646,"column":59}}},"branchMap":{"1":{"line":229,"type":"if","locations":[{"start":{"line":229,"column":8},"end":{"line":229,"column":8}},{"start":{"line":229,"column":8},"end":{"line":229,"column":8}}]},"2":{"line":233,"type":"if","locations":[{"start":{"line":233,"column":8},"end":{"line":233,"column":8}},{"start":{"line":233,"column":8},"end":{"line":233,"column":8}}]},"3":{"line":285,"type":"if","locations":[{"start":{"line":285,"column":46},"end":{"line":285,"column":61}},{"start":{"line":285,"column":65},"end":{"line":285,"column":65}}]},"4":{"line":290,"type":"if","locations":[{"start":{"line":290,"column":10},"end":{"line":290,"column":51}},{"start":{"line":291,"column":10},"end":{"line":291,"column":10}}]},"5":{"line":292,"type":"if","locations":[{"start":{"line":292,"column":46},"end":{"line":292,"column":61}},{"start":{"line":292,"column":65},"end":{"line":292,"column":65}}]},"6":{"line":295,"type":"if","locations":[{"start":{"line":295,"column":4},"end":{"line":295,"column":4}},{"start":{"line":295,"column":4},"end":{"line":295,"column":4}}]},"7":{"line":306,"type":"if","locations":[{"start":{"line":306,"column":4},"end":{"line":306,"column":4}},{"start":{"line":306,"column":4},"end":{"line":306,"column":4}}]},"8":{"line":306,"type":"cond-expr","locations":[{"start":{"line":306,"column":8},"end":{"line":306,"column":14}},{"start":{"line":306,"column":19},"end":{"line":306,"column":27}}]},"9":{"line":320,"type":"if","locations":[{"start":{"line":320,"column":4},"end":{"line":320,"column":4}},{"start":{"line":320,"column":4},"end":{"line":320,"column":4}}]},"10":{"line":344,"type":"if","locations":[{"start":{"line":344,"column":8},"end":{"line":344,"column":8}},{"start":{"line":344,"column":8},"end":{"line":344,"column":8}}]},"11":{"line":359,"type":"if","locations":[{"start":{"line":359,"column":8},"end":{"line":359,"column":8}},{"start":{"line":359,"column":8},"end":{"line":359,"column":8}}]},"12":{"line":360,"type":"if","locations":[{"start":{"line":360,"column":8},"end":{"line":360,"column":8}},{"start":{"line":360,"column":8},"end":{"line":360,"column":8}}]},"13":{"line":377,"type":"if","locations":[{"start":{"line":377,"column":64},"end":{"line":377,"column":64}},{"start":{"line":377,"column":64},"end":{"line":377,"column":64}}]},"14":{"line":380,"type":"if","locations":[{"start":{"line":380,"column":8},"end":{"line":380,"column":8}},{"start":{"line":380,"column":8},"end":{"line":380,"column":8}}]},"15":{"line":381,"type":"if","locations":[{"start":{"line":381,"column":8},"end":{"line":381,"column":8}},{"start":{"line":381,"column":8},"end":{"line":381,"column":8}}]},"16":{"line":382,"type":"if","locations":[{"start":{"line":382,"column":8},"end":{"line":382,"column":8}},{"start":{"line":382,"column":8},"end":{"line":382,"column":8}}]},"17":{"line":383,"type":"if","locations":[{"start":{"line":383,"column":8},"end":{"line":383,"column":8}},{"start":{"line":383,"column":8},"end":{"line":383,"column":8}}]},"18":{"line":412,"type":"if","locations":[{"start":{"line":412,"column":8},"end":{"line":412,"column":8}},{"start":{"line":412,"column":8},"end":{"line":412,"column":8}}]},"19":{"line":413,"type":"if","locations":[{"start":{"line":413,"column":8},"end":{"line":413,"column":8}},{"start":{"line":413,"column":8},"end":{"line":413,"column":8}}]},"20":{"line":414,"type":"if","locations":[{"start":{"line":414,"column":8},"end":{"line":414,"column":8}},{"start":{"line":414,"column":8},"end":{"line":414,"column":8}}]},"21":{"line":431,"type":"if","locations":[{"start":{"line":431,"column":55},"end":{"line":431,"column":55}},{"start":{"line":431,"column":55},"end":{"line":431,"column":55}}]},"22":{"line":435,"type":"if","locations":[{"start":{"line":435,"column":8},"end":{"line":435,"column":8}},{"start":{"line":435,"column":8},"end":{"line":435,"column":8}}]},"23":{"line":436,"type":"if","locations":[{"start":{"line":436,"column":8},"end":{"line":436,"column":8}},{"start":{"line":436,"column":8},"end":{"line":436,"column":8}}]},"24":{"line":458,"type":"if","locations":[{"start":{"line":458,"column":47},"end":{"line":458,"column":47}},{"start":{"line":458,"column":47},"end":{"line":458,"column":47}}]},"25":{"line":462,"type":"if","locations":[{"start":{"line":462,"column":8},"end":{"line":462,"column":8}},{"start":{"line":462,"column":8},"end":{"line":462,"column":8}}]},"26":{"line":467,"type":"if","locations":[{"start":{"line":467,"column":8},"end":{"line":467,"column":8}},{"start":{"line":467,"column":8},"end":{"line":467,"column":8}}]},"27":{"line":470,"type":"if","locations":[{"start":{"line":470,"column":12},"end":{"line":470,"column":12}},{"start":{"line":470,"column":12},"end":{"line":470,"column":12}}]},"28":{"line":474,"type":"if","locations":[{"start":{"line":474,"column":12},"end":{"line":474,"column":12}},{"start":{"line":474,"column":12},"end":{"line":474,"column":12}}]},"29":{"line":499,"type":"if","locations":[{"start":{"line":499,"column":49},"end":{"line":499,"column":49}},{"start":{"line":499,"column":49},"end":{"line":499,"column":49}}]},"30":{"line":503,"type":"if","locations":[{"start":{"line":503,"column":8},"end":{"line":503,"column":8}},{"start":{"line":503,"column":8},"end":{"line":503,"column":8}}]},"31":{"line":504,"type":"if","locations":[{"start":{"line":504,"column":8},"end":{"line":504,"column":8}},{"start":{"line":504,"column":8},"end":{"line":504,"column":8}}]},"32":{"line":532,"type":"if","locations":[{"start":{"line":532,"column":8},"end":{"line":532,"column":8}},{"start":{"line":532,"column":8},"end":{"line":532,"column":8}}]},"33":{"line":533,"type":"if","locations":[{"start":{"line":533,"column":8},"end":{"line":533,"column":8}},{"start":{"line":533,"column":8},"end":{"line":533,"column":8}}]},"34":{"line":551,"type":"if","locations":[{"start":{"line":551,"column":4},"end":{"line":551,"column":4}},{"start":{"line":551,"column":4},"end":{"line":551,"column":4}}]},"35":{"line":552,"type":"if","locations":[{"start":{"line":552,"column":4},"end":{"line":552,"column":4}},{"start":{"line":552,"column":4},"end":{"line":552,"column":4}}]},"36":{"line":553,"type":"if","locations":[{"start":{"line":553,"column":4},"end":{"line":553,"column":4}},{"start":{"line":553,"column":4},"end":{"line":553,"column":4}}]},"37":{"line":553,"type":"cond-expr","locations":[{"start":{"line":553,"column":8},"end":{"line":553,"column":17}},{"start":{"line":553,"column":22},"end":{"line":553,"column":31}}]},"38":{"line":564,"type":"if","locations":[{"start":{"line":564,"column":44},"end":{"line":564,"column":48}},{"start":{"line":564,"column":52},"end":{"line":564,"column":56}}]},"39":{"line":566,"type":"if","locations":[{"start":{"line":566,"column":4},"end":{"line":566,"column":4}},{"start":{"line":566,"column":4},"end":{"line":566,"column":4}}]},"40":{"line":581,"type":"if","locations":[{"start":{"line":581,"column":4},"end":{"line":581,"column":4}},{"start":{"line":581,"column":4},"end":{"line":581,"column":4}}]},"41":{"line":599,"type":"if","locations":[{"start":{"line":599,"column":4},"end":{"line":599,"column":4}},{"start":{"line":599,"column":4},"end":{"line":599,"column":4}}]},"42":{"line":622,"type":"if","locations":[{"start":{"line":622,"column":4},"end":{"line":622,"column":4}},{"start":{"line":622,"column":4},"end":{"line":622,"column":4}}]}}},"contracts\\Lock.sol":{"l":{"14":2,"19":1,"20":1,"27":5,"28":4,"30":3,"32":3},"path":"C:\\Users\\devanshi mahto\\escrow-freelancer\\contracts\\Lock.sol","s":{"1":2,"2":5,"3":4,"4":3,"5":3},"b":{"1":[1,1],"2":[4,1],"3":[3,1]},"f":{"1":2,"2":5},"fnMap":{"1":{"name":"constructor","line":13,"loc":{"start":{"line":13,"column":4},"end":{"line":21,"column":4}}},"2":{"name":"withdraw","line":23,"loc":{"start":{"line":23,"column":4},"end":{"line":33,"column":4}}}},"statementMap":{"1":{"start":{"line":14,"column":8},"end":{"line":14,"column":328}},"2":{"start":{"line":27,"column":8},"end":{"line":27,"column":71}},"3":{"start":{"line":28,"column":8},"end":{"line":28,"column":59}},"4":{"start":{"line":30,"column":8},"end":{"line":30,"column":63}},"5":{"start":{"line":32,"column":8},"end":{"line":32,"column":44}}},"branchMap":{"1":{"line":14,"type":"if","locations":[{"start":{"line":14,"column":8},"end":{"line":14,"column":8}},{"start":{"line":14,"column":8},"end":{"line":14,"column":8}}]},"2":{"line":27,"type":"if","locations":[{"start":{"line":27,"column":8},"end":{"line":27,"column":8}},{"start":{"line":27,"column":8},"end":{"line":27,"column":8}}]},"3":{"line":28,"type":"if","locations":[{"start":{"line":28,"column":8},"end":{"line":28,"column":8}},{"start":{"line":28,"column":8},"end":{"line":28,"column":8}}]}}}}